TN:
SF:src\components\AuthForm.jsx
FN:6,GviewIcon
FN:13,AuthForm
FN:21,set
FN:23,handleSubmit
FNF:4
FNH:4
FNDA:42,GviewIcon
FNDA:42,AuthForm
FNDA:140,set
FNDA:6,handleSubmit
DA:1,1
DA:2,1
DA:3,1
DA:4,1
DA:5,1
DA:6,1
DA:7,42
DA:8,42
DA:9,42
DA:10,42
DA:11,1
DA:12,1
DA:13,42
DA:14,42
DA:15,42
DA:16,42
DA:17,42
DA:18,42
DA:19,42
DA:20,42
DA:21,42
DA:22,42
DA:23,42
DA:24,6
DA:25,6
DA:26,6
DA:27,6
DA:28,4
DA:29,1
DA:30,1
DA:31,1
DA:32,4
DA:33,1
DA:34,1
DA:35,1
DA:36,4
DA:37,4
DA:38,4
DA:39,4
DA:40,6
DA:41,2
DA:42,2
DA:43,2
DA:44,1
DA:45,2
DA:46,2
DA:47,2
DA:48,2
DA:49,4
DA:50,6
DA:51,42
DA:52,42
DA:53,42
DA:54,42
DA:55,42
DA:56,42
DA:57,42
DA:58,42
DA:59,42
DA:60,42
DA:61,42
DA:62,14
DA:63,28
DA:64,42
DA:65,42
DA:66,42
DA:67,42
DA:68,42
DA:69,42
DA:70,42
DA:71,28
DA:72,28
DA:73,28
DA:74,28
DA:75,28
DA:76,28
DA:77,28
DA:78,28
DA:79,28
DA:80,28
DA:81,28
DA:82,42
DA:83,42
DA:84,42
DA:85,42
DA:86,42
DA:87,42
DA:88,42
DA:89,42
DA:90,42
DA:91,42
DA:92,42
DA:93,42
DA:94,42
DA:95,42
DA:96,42
DA:97,42
DA:98,42
DA:99,42
DA:100,42
DA:101,42
DA:102,42
DA:103,42
DA:104,42
DA:105,42
DA:106,28
DA:107,28
DA:108,28
DA:109,28
DA:110,28
DA:111,28
DA:112,28
DA:113,28
DA:114,28
DA:115,28
DA:116,28
DA:117,42
DA:118,42
DA:119,42
DA:120,4
DA:121,38
DA:122,42
DA:123,42
DA:124,42
DA:125,42
DA:126,42
DA:127,14
DA:128,28
DA:129,42
DA:130,42
DA:131,42
DA:132,42
DA:133,42
LF:133
LH:133
BRDA:6,0,0,42
BRDA:13,1,0,42
BRDA:58,2,0,14
BRDA:58,3,0,28
BRDA:61,4,0,14
BRDA:62,5,0,28
BRDA:67,6,0,4
BRDA:70,7,0,28
BRDA:100,8,0,14
BRDA:100,9,0,28
BRDA:105,10,0,28
BRDA:119,11,0,4
BRDA:120,12,0,2
BRDA:120,13,0,2
BRDA:120,14,0,38
BRDA:121,15,0,12
BRDA:121,16,0,26
BRDA:126,17,0,14
BRDA:127,18,0,28
BRDA:21,19,0,140
BRDA:21,20,0,20
BRDA:21,21,0,20
BRDA:23,22,0,6
BRDA:27,23,0,4
BRDA:28,24,0,1
BRDA:31,25,0,3
BRDA:32,26,0,1
BRDA:40,27,0,2
BRDA:41,28,0,1
BRDA:43,29,0,1
BRDA:48,30,0,4
BRF:31
BRH:31
end_of_record
TN:
SF:src\components\GameCard.jsx
FN:4,GameCard
FNF:1
FNH:1
FNDA:7,GameCard
DA:1,1
DA:2,1
DA:3,1
DA:4,7
DA:5,7
DA:6,7
DA:7,7
DA:8,7
DA:9,7
DA:10,7
DA:11,7
DA:12,7
DA:13,7
DA:14,7
DA:15,7
DA:16,1
DA:17,7
DA:18,7
DA:19,1
DA:20,7
DA:21,7
DA:22,7
DA:23,7
DA:24,7
DA:25,7
DA:26,7
DA:27,7
DA:28,7
LF:28
LH:28
BRDA:4,0,0,7
BRDA:9,1,0,1
BRDA:15,2,0,1
BRDA:18,3,0,1
BRF:4
BRH:4
end_of_record
TN:
SF:src\contexts\AuthContext.jsx
FN:7,AuthProvider
FN:26,login
FN:40,register
FN:54,logout
FN:67,useAuth
FNF:5
FNH:5
FNDA:25,AuthProvider
FNDA:2,login
FNDA:2,register
FNDA:3,logout
FNDA:34,useAuth
DA:1,1
DA:2,1
DA:3,1
DA:4,1
DA:5,1
DA:6,1
DA:7,1
DA:8,25
DA:9,25
DA:10,25
DA:11,25
DA:12,25
DA:13,14
DA:14,5
DA:15,5
DA:16,5
DA:17,5
DA:18,5
DA:19,5
DA:20,5
DA:21,14
DA:22,9
DA:23,9
DA:24,25
DA:25,25
DA:26,25
DA:27,2
DA:28,2
DA:29,2
DA:30,2
DA:31,2
DA:32,2
DA:33,2
DA:34,1
DA:35,1
DA:36,1
DA:37,1
DA:38,2
DA:39,25
DA:40,25
DA:41,2
DA:42,2
DA:43,2
DA:44,2
DA:45,2
DA:46,2
DA:47,2
DA:48,1
DA:49,1
DA:50,1
DA:51,1
DA:52,2
DA:53,25
DA:54,25
DA:55,3
DA:56,3
DA:57,3
DA:58,3
DA:59,25
DA:60,25
DA:61,25
DA:62,25
DA:63,25
DA:64,25
DA:65,25
DA:66,1
DA:67,1
DA:68,34
DA:69,34
DA:70,34
DA:71,34
LF:71
LH:71
BRDA:7,0,0,25
BRDA:61,1,0,4
BRDA:9,2,0,10
BRDA:12,3,0,14
BRDA:13,4,0,5
BRDA:21,5,0,9
BRDA:17,6,0,5
BRDA:17,7,0,2
BRDA:17,8,0,3
BRDA:18,9,0,2
BRDA:18,10,0,0
BRDA:19,11,0,3
BRDA:20,12,0,5
BRDA:26,13,0,2
BRDA:33,14,0,1
BRDA:33,15,0,0
BRDA:40,16,0,2
BRDA:47,17,0,1
BRDA:47,18,0,0
BRDA:54,19,0,3
BRDA:67,20,0,34
BRDA:69,21,0,0
BRF:22
BRH:18
end_of_record
TN:
SF:src\pages\Login.jsx
FN:3,Login
FNF:1
FNH:1
FNDA:6,Login
DA:1,1
DA:2,1
DA:3,6
DA:4,6
DA:5,6
LF:5
LH:5
BRDA:3,0,0,6
BRF:1
BRH:1
end_of_record
TN:
SF:src\pages\Register.jsx
FN:3,Register
FNF:1
FNH:1
FNDA:6,Register
DA:1,1
DA:2,1
DA:3,6
DA:4,6
DA:5,6
LF:5
LH:5
BRDA:3,0,0,6
BRF:1
BRH:1
end_of_record
